
{"level":"info","message":"11/6/2023 - /api/users - GET"}
{"level":"info","message":"11/6/2023 - /api/users - GET"}
{"level":"info","message":"11/6/2023 - /api/users - GET"}
{"level":"info","message":"11/6/2023 - /api/users - GET"}
{"level":"info","message":"11/6/2023 - /api/users - GET"}
{"level":"info","message":"11/6/2023 - /api/users - GET"}
{"level":"info","message":"11/6/2023 - /api/users - GET"}
{"level":"info","message":"11/6/2023 - /api/users - GET"}
{"level":"info","message":"11/6/2023 - /api/users - GET"}
{"level":"info","message":"11/6/2023 - /api/users - GET"}
{"level":"info","message":"11/6/2023 - /api/users - GET"}
{"level":"info","message":"11/6/2023 - /api/users - GET"}
{"level":"info","message":"11/6/2023 - /api/users - GET"}
{"level":"info","message":"11/6/2023 - /api/users - GET"}
{"level":"info","message":"11/6/2023 - /api/users - GET"}
{"level":"info","message":"11/6/2023 - /api/users - GET"}
{"level":"info","message":"11/6/2023 - /api/users - GET"}
{"level":"info","message":"11/6/2023 - /api/users - GET"}
{"level":"info","message":"11/6/2023 - /api/users/0b19e523-b76c-4cdb-936a-d4f649feb048 - PUT"}
{"level":"info","message":"11/6/2023 - /api/users - GET"}
{"level":"info","message":"11/6/2023 - /api/users - GET"}
{"level":"info","message":"11/6/2023 - /api/users/undefined - DELETE"}
{"level":"info","message":"11/6/2023 - /api/users - GET"}
{"level":"info","message":"11/6/2023 - /api/users/undefined - DELETE"}
{"level":"info","message":"11/6/2023 - /api/users - GET"}
{"level":"info","message":"11/6/2023 - /api/users/0b19e523-b76c-4cdb-936a-d4f649feb048 - DELETE"}
{"level":"info","message":"11/6/2023 - /api/users - GET"}
{"level":"info","message":"11/6/2023 - /api/users/undefined - DELETE"}
{"level":"info","message":"11/6/2023 - /api/users - GET"}
{"level":"info","message":"11/6/2023 - /api/users/undefined - DELETE"}
{"level":"info","message":"11/6/2023 - /api/users - GET"}
{"level":"info","message":"11/6/2023 - /api/users/223 - DELETE"}
{"level":"info","message":"11/6/2023 - /api/users - GET"}
{"level":"info","message":"11/6/2023 - /api/users/24190f7e-e4fe-4afd-9ffd-169ab1c2da14 - DELETE"}
{"level":"info","message":"11/6/2023 - /api/users - GET"}
{"level":"info","message":"11/6/2023 - /api/users/0b4e91ca-48ec-444c-9f5c-1d615007a4ce - DELETE"}
{"level":"info","message":"11/6/2023 - /api/users - GET"}
{"level":"info","message":"11/6/2023 - /api/users - GET"}
{"level":"info","message":"11/6/2023 - /api/users/ - POST"}
{"level":"info","message":"11/6/2023 - /api/users - GET"}
{"level":"info","message":"11/6/2023 - /api/users/ - POST"}
{"level":"info","message":"11/6/2023 - /api/users - GET"}
{"level":"info","message":"11/6/2023 - /api/users/9344582e-b694-4f57-91f1-030df0b30f0e - PUT"}
{"level":"info","message":"11/6/2023 - /api/users - GET"}
{"level":"info","message":"11/6/2023 - /api/users - GET"}
{"level":"info","message":"11/6/2023 - /api/users - GET"}
{"level":"info","message":"11/6/2023 - /api/users/123 - PUT"}
{"level":"info","message":"11/6/2023 - /api/users - GET"}
{"level":"info","message":"11/6/2023 - /api/users - GET"}
{"level":"info","message":"11/6/2023 - /api/users - GET"}
{"level":"info","message":"11/6/2023 - /api/users/123 - DELETE"}
{"level":"info","message":"11/6/2023 - /api/users - GET"}
{"level":"info","message":"11/6/2023 - /api/users - GET"}
{"level":"info","message":"11/6/2023 - /api/users - GET"}
{"level":"info","message":"11/6/2023 - /api/users/766f83b4-c787-4848-ba97-844bd6914af1 - PUT"}
{"level":"info","message":"11/6/2023 - /api/users - GET"}
{"level":"info","message":"11/6/2023 - /api/users/ - POST"}
{"level":"info","message":"11/6/2023 - /api/users - GET"}
{"level":"info","message":"11/6/2023 - /api/users/4e9d260c-3038-4010-9256-1c34e403d93a - DELETE"}
{"level":"info","message":"11/6/2023 - /api/users - GET"}
{"level":"info","message":"11/6/2023 - /api/users/ - POST"}
{"level":"info","message":"11/6/2023 - /api/users - GET"}
{"level":"info","message":"11/6/2023 - /api/users - GET"}
{"level":"info","message":"11/6/2023 - /api/users/ - POST"}
{"level":"info","message":"11/6/2023 - /api/users - GET"}
{"level":"info","message":"11/6/2023 - /api/users/808b45ca-e8fa-4dda-a54a-4fbacf413c4f - DELETE"}
{"level":"info","message":"11/6/2023 - /api/users - GET"}
{"level":"info","message":"11/6/2023 - /api/users/8f9ad25f-7f0a-4dc9-82e3-39ea92936961 - DELETE"}
{"level":"info","message":"11/6/2023 - /api/users - GET"}
{"level":"info","message":"11/6/2023 - /api/users/9344582e-b694-4f57-91f1-030df0b30f0e - DELETE"}
{"level":"info","message":"11/6/2023 - /api/users - GET"}
{"level":"info","message":"11/6/2023 - /api/users/ - POST"}
{"level":"info","message":"11/6/2023 - /api/users - GET"}
{"level":"info","message":"11/6/2023 - /api/users - GET"}
{"level":"info","message":"11/6/2023 - /api/users - GET"}
{"level":"info","message":"11/6/2023 - /api/users/ - POST"}
{"level":"info","message":"11/6/2023 - /api/users - GET"}
{"level":"info","message":"11/6/2023 - /api/users/02bdd60a-ee6b-4371-a2d6-e097609f20d1 - DELETE"}
{"level":"info","message":"11/6/2023 - /api/users - GET"}
{"level":"info","message":"11/6/2023 - /api/users/1415a627-c3a0-48e5-b829-f30fef195fd3 - DELETE"}
{"level":"info","message":"11/6/2023 - /api/users - GET"}
{"level":"info","message":"11/6/2023 - /api/users/766f83b4-c787-4848-ba97-844bd6914af1 - PUT"}
{"level":"info","message":"11/6/2023 - /api/users - GET"}
{"level":"info","message":"11/6/2023 - /api/users - GET"}
{"level":"info","message":"11/6/2023 - /api/users - GET"}
{"level":"info","message":"11/6/2023 - /api/users - GET"}
{"level":"info","message":"11/6/2023 - /api/users/766f83b4-c787-4848-ba97-844bd6914af1 - PUT"}
{"level":"info","message":"11/6/2023 - /api/users - GET"}
{"level":"info","message":"11/6/2023 - /api/users/ - POST"}
{"level":"info","message":"11/6/2023 - /api/users - GET"}
{"level":"info","message":"11/6/2023 - /api/users - GET"}
